---------------------------------------
Resource Usage Report for uart_top 

Mapping to part: ice40hx8kct256
Cell usage:
GND             1 use
SB_CARRY        15 uses
SB_DFF          19 uses
SB_DFFE         11 uses
SB_DFFSR        1 use
SB_DFFSS        1 use
VCC             1 use
SB_LUT4         93 uses

I/O ports: 12
I/O primitives: 10
SB_GB_IO       1 use
SB_IO          9 uses

I/O Register bits:                  0
Register bits not including I/Os:   32 (0%)

@S |Mapping Summary:
Total  LUTs: 93 (1%)

Distribution of All Consumed LUTs = LUT4 
Distribution of All Consumed Luts 93 = 93 

