* ******************************************************************************

* iCEcube Placer

* Version:            2016.02.27810

* Build Date:         Jan 28 2016 17:49:09

* File Generated:     Jun 5 2016 21:31:33

* Purpose:            

* Copyright (C) 2006-2010 by Lattice Semiconductor Corp. All rights reserved.

* ******************************************************************************

Executing : C:\lscc\iCEcube2.2016.02\sbt_backend\bin\win32\opt\sbtplacer.exe --des-lib Y:/projects/iCE40HX8K/uart/uart_Implmnt\sbt\netlist\oadb-uart_top --outdir Y:/projects/iCE40HX8K/uart/uart_Implmnt\sbt\outputs\placer --device-file C:\lscc\iCEcube2.2016.02\sbt_backend\devices\ICE40P08.dev --package CT256 --deviceMarketName iCE40HX8K --sdc-file Y:/projects/iCE40HX8K/uart/uart_Implmnt\sbt\Temp/sbt_temp.sdc --lib-file C:\lscc\iCEcube2.2016.02\sbt_backend\devices\ice40HX8K.lib --effort_level std --out-sdc-file Y:/projects/iCE40HX8K/uart/uart_Implmnt\sbt\outputs\placer\uart_top_pl.sdc
I2004: Option and Settings Summary
=============================================================
Device file          - C:\lscc\iCEcube2.2016.02\sbt_backend\devices\ICE40P08.dev
Package              - CT256
Design database      - Y:/projects/iCE40HX8K/uart/uart_Implmnt\sbt\netlist\oadb-uart_top
SDC file             - Y:/projects/iCE40HX8K/uart/uart_Implmnt\sbt\Temp/sbt_temp.sdc
Output directory     - Y:/projects/iCE40HX8K/uart/uart_Implmnt\sbt\outputs\placer
Timing library       - C:\lscc\iCEcube2.2016.02\sbt_backend\devices\ice40HX8K.lib
Effort level         - std

I2050: Starting reading inputs for placer
=============================================================
I2100: Reading design library: Y:/projects/iCE40HX8K/uart/uart_Implmnt\sbt\netlist\oadb-uart_top/BFPGA_DESIGN_ep
I2065: Reading device file : C:\lscc\iCEcube2.2016.02\sbt_backend\devices\ICE40P08.dev
I2051: Reading of inputs for placer completed successfully

I2053: Starting placement of the design
=============================================================
W2715: Warning for set_io Constraint: Ignoring pin assignment for RS232_TX_o, as it is not connected to any PAD

Input Design Statistics
    Number of LUTs      	:	93
    Number of DFFs      	:	32
    Number of DFFs packed to IO	:	0
    Number of Carrys    	:	15
    Number of RAMs      	:	0
    Number of ROMs      	:	0
    Number of IOs       	:	9
    Number of GBIOs     	:	1
    Number of GBs       	:	0
    Number of WarmBoot  	:	0
    Number of PLLs      	:	0


Phase 1
I2077: Start design legalization

Design Legalization Statistics
    Number of feedthru LUTs inserted to legalize input of DFFs     	:	8
    Number of feedthru LUTs inserted for LUTs driving multiple DFFs	:	0
    Number of LUTs replicated for LUTs driving multiple DFFs       	:	0
    Number of feedthru LUTs inserted to legalize output of CARRYs  	:	9
    Number of feedthru LUTs inserted to legalize global signals    	:	0
    Number of feedthru CARRYs inserted to legalize input of CARRYs 	:	0
    Number of inserted LUTs to Legalize IOs with PIN_TYPE= 01xxxx  	:	0
    Number of inserted LUTs to Legalize IOs with PIN_TYPE= 10xxxx  	:	0
    Number of inserted LUTs to Legalize IOs with PIN_TYPE= 11xxxx  	:	0
    Total LUTs inserted                                            	:	17
    Total CARRYs inserted                                          	:	0


I2078: Design legalization is completed successfully
I2088: Phase 1, elapsed time : 0.0 (sec)


Phase 2
I2088: Phase 2, elapsed time : 0.1 (sec)

Phase 3

Design Statistics after Packing
    Number of LUTs      	:	111
    Number of DFFs      	:	32
    Number of DFFs packed to IO	:	0
    Number of Carrys    	:	15

Device Utilization Summary after Packing
    Sequential LogicCells
        LUT and DFF      	:	31
        LUT, DFF and CARRY	:	1
    Combinational LogicCells
        Only LUT         	:	65
        CARRY Only       	:	0
        LUT with CARRY   	:	14
    LogicCells                  :	111/7680
    PLBs                        :	15/960
    BRAMs                       :	0/32
    IOs and GBIOs               :	10/206
    PLLs                        :	0/2


I2088: Phase 3, elapsed time : 0.4 (sec)

Phase 4
I2088: Phase 4, elapsed time : 0.2 (sec)

Phase 5
I2088: Phase 5, elapsed time : 0.1 (sec)

Phase 6
I2088: Phase 6, elapsed time : 22.3 (sec)

Final Design Statistics
    Number of LUTs      	:	111
    Number of DFFs      	:	32
    Number of DFFs packed to IO	:	0
    Number of Carrys    	:	15
    Number of RAMs      	:	0
    Number of ROMs      	:	0
    Number of IOs       	:	9
    Number of GBIOs     	:	1
    Number of GBs       	:	0
    Number of WarmBoot  	:	0
    Number of PLLs      	:	0

Device Utilization Summary
    LogicCells                  :	111/7680
    PLBs                        :	18/960
    BRAMs                       :	0/32
    IOs and GBIOs               :	10/206
    PLLs                        :	0/2



#####################################################################
Placement Timing Summary

The timing summary is based on estimated routing delays after
placement. For final timing report, please carry out the timing
analysis after routing.
=====================================================================

#####################################################################
                     Clock Summary 
=====================================================================
Number of clocks: 1
Clock: uart_top|CLK_i | Frequency: 138.42 MHz | Target: 102.04 MHz

=====================================================================
                     End of Clock Summary
#####################################################################

I2054: Placement of design completed successfully

I2076: Placer run-time: 23.8 sec.

